2023-10-22 16:30:40:   <-- GET /api/blog/list?isadmin=1
2023-10-22 16:30:40: GET /api/blog/list?isadmin=1 - 17ms
2023-10-22 16:30:40:   --> GET /api/blog/list?isadmin=1 200 31ms 651b
2023-10-22 16:31:12:   <-- POST /api/blog/del?id=3
2023-10-22 16:31:12: POST /api/blog/del?id=3 - 3ms
2023-10-22 16:31:12:   --> POST /api/blog/del?id=3 200 5ms 39b
2023-10-22 16:31:42:   <-- GET /api/blog/list?isadmin=1
2023-10-22 16:31:42: GET /api/blog/list?isadmin=1 - 4ms
2023-10-22 16:31:42:   --> GET /api/blog/list?isadmin=1 200 8ms 651b
2023-10-22 16:31:48:   <-- POST /api/blog/del?id=10
2023-10-22 16:31:48: POST /api/blog/del?id=10 - 2ms
2023-10-22 16:31:48:   --> POST /api/blog/del?id=10 200 2ms 39b
2023-10-22 16:31:52:   <-- GET /api/blog/list?isadmin=1
2023-10-22 16:31:52: GET /api/blog/list?isadmin=1 - 4ms
2023-10-22 16:31:52:   --> GET /api/blog/list?isadmin=1 200 8ms 651b
2023-10-22 16:32:02:   <-- POST /api/blog/del?id=6
2023-10-22 16:32:02: POST /api/blog/del?id=6 - 9ms
2023-10-22 16:32:02:   --> POST /api/blog/del?id=6 200 10ms 32b
2023-10-22 16:32:02:   <-- GET /api/blog/list?isadmin=1
2023-10-22 16:32:02: GET /api/blog/list?isadmin=1 - 4ms
2023-10-22 16:32:02:   --> GET /api/blog/list?isadmin=1 200 8ms 562b
